[
  {
    "level": "INFO",
    "message": "android.ndkVersion from module build.gradle is [not set]"
  },
  {
    "level": "INFO",
    "message": "android.ndkPath from module build.gradle is not set"
  },
  {
    "level": "INFO",
    "message": "ndk.dir in local.properties is C:\\Users\\User\\AppData\\Local\\Android\\Sdk\\ndk-bundle"
  },
  {
    "level": "INFO",
    "message": "Not considering ANDROID_NDK_HOME because support was removed after deprecation period."
  },
  {
    "level": "INFO",
    "message": "sdkFolder is C:\\Users\\User\\AppData\\Local\\Android\\Sdk"
  },
  {
    "level": "INFO",
    "message": "NDK side-by-side folder from sdkFolder C:\\Users\\User\\AppData\\Local\\Android\\Sdk\\ndk does not exist"
  },
  {
    "level": "INFO",
    "message": "Because no explicit NDK was requested, the default version [21.1.6352462] for this Android Gradle Plugin will be used"
  },
  {
    "level": "ERROR",
    "message": "NDK at C:\\Users\\User\\AppData\\Local\\Android\\Sdk\\ndk-bundle did not have a source.properties file"
  },
  {
    "level": "INFO",
    "message": "Folder C:\\Users\\User\\AppData\\Local\\Android\\Sdk\\ndk-bundle does not exist. Ignoring."
  },
  {
    "level": "ERROR",
    "message": "Location specified by ndk.dir (C:\\Users\\User\\AppData\\Local\\Android\\Sdk\\ndk-bundle) did not contain a valid NDK and couldn\u0027t be used"
  }
]